<?xml version="1.0" encoding="UTF-8"?>
<!-- Generated by org.testng.reporters.JUnitReportReporter -->
<testsuite hostname="DESKTOP-N1PASK2" name="com.ccb.testcenter.hello.day6" tests="2" failures="0" timestamp="25 Sep 2016 13:08:04 GMT" time="13.824" errors="0">
  <testcase name="baidu" time="8.676" classname="com.ccb.testcenter.hello.day6"/>
  <testcase name="baidu" time="5.148" classname="com.ccb.testcenter.hello.day6"/>
</testsuite> <!-- com.ccb.testcenter.hello.day6 -->
